This file contains any messages produced by compilers while
running configure, to aid debugging if configure makes a mistake.

It was created by configure, which was
generated by GNU Autoconf 2.59.  Invocation command line was

  $ ./configure --host=arm --build=i686 --target=arm --with-gtk-exec-prefix=/opt/iwmmxt-1.0.0/hybus/usr --with-gnome-libs=/opt/iwmmxt-1.0.0/arm-linux/lib

## --------- ##
## Platform. ##
## --------- ##

hostname = hybus
uname -m = i686
uname -r = 2.4.20-8smp
uname -s = Linux
uname -v = #1 SMP Thu Mar 13 17:45:54 EST 2003

/usr/bin/uname -p = unknown
/bin/uname -X     = unknown

/bin/arch              = i686
/usr/bin/arch -k       = unknown
/usr/convex/getsysinfo = unknown
hostinfo               = unknown
/bin/machine           = unknown
/usr/bin/oslevel       = unknown
/bin/universe          = unknown

PATH: /home/kskim/tringbook/QT/qt-embbedded-free-3.3.3/bin
PATH: /usr/kerberos/sbin
PATH: /usr/kerberos/bin
PATH: /usr/local/sbin
PATH: /usr/local/bin
PATH: /sbin
PATH: /bin
PATH: /usr/sbin
PATH: /usr/bin
PATH: /usr/X11R6/bin
PATH: /root/bin
PATH: /opt/iwmmxt-1.0.0/bin/


## ----------- ##
## Core tests. ##
## ----------- ##

configure:1349: checking for a BSD-compatible install
configure:1404: result: /usr/bin/install -c
configure:1415: checking whether build environment is sane
configure:1458: result: yes
configure:1515: checking for gawk
configure:1531: found /bin/gawk
configure:1541: result: gawk
configure:1551: checking whether make sets $(MAKE)
configure:1571: result: yes
configure:1650: checking for arm-strip
configure:1679: result: no
configure:1688: checking for strip
configure:1704: found /usr/bin/strip
configure:1715: result: strip
configure:1809: checking for gnome-config
configure:1840: result: /opt/iwmmxt-1.0.0/hybus/usr/bin/gnome-config
configure:1850: checking if /opt/iwmmxt-1.0.0/hybus/usr/bin/gnome-config works
configure:1853: result: yes
configure:1859: checking for orbit-config
configure:1877: found /usr/bin/orbit-config
configure:1890: result: /usr/bin/orbit-config
configure:1899: checking for orbit-idl
configure:1917: found /usr/bin/orbit-idl
configure:1930: result: /usr/bin/orbit-idl
configure:1937: checking for working ORBit environment
configure:1950: result: yes
configure:1976: checking for gnorba libraries
configure:1992: result: yes
configure:2108: checking for style of include used by make
configure:2136: result: GNU
configure:2169: checking for arm-gcc
configure:2195: result: /opt/iwmmxt-1.0.0/bin/arm-linux-gcc
configure:2477: checking for C compiler version
configure:2480: /opt/iwmmxt-1.0.0/bin/arm-linux-gcc --version </dev/null >&5
arm-linux-gcc (GCC) 3.4.3
Copyright (C) 2004 Free Software Foundation, Inc.
This is free software; see the source for copying conditions.  There is NO
warranty; not even for MERCHANTABILITY or FITNESS FOR A PARTICULAR PURPOSE.

configure:2483: $? = 0
configure:2485: /opt/iwmmxt-1.0.0/bin/arm-linux-gcc -v </dev/null >&5
Reading specs from /opt/iwmmxt-1.0.0/lib/gcc/arm-linux/3.4.3/specs
Configured with: /home/ticker/iwmmxt/toolchain/mainstone/iwmmxt-1.0.0/build/arm-linux/gcc-3.4.3-glibc-2.3.2/gcc-3.4.3/configure --target=arm-linux --host=i686-host_pc-linux-gnu --prefix=/opt/iwmmxt-1.0.0 --with-cpu=iwmmxt --enable-cxx-flags=-mcpu=iwmmxt --with-headers=/opt/iwmmxt-1.0.0/arm-linux/include --with-local-prefix=/opt/iwmmxt-1.0.0/arm-linux --disable-nls --enable-threads=posix --enable-symvers=gnu --enable-__cxa_atexit --enable-languages=c,c++ --enable-shared --enable-c99 --enable-long-long --without-fp
Thread model: posix
gcc version 3.4.3
configure:2488: $? = 0
configure:2490: /opt/iwmmxt-1.0.0/bin/arm-linux-gcc -V </dev/null >&5
arm-linux-gcc: `-V' option must have argument
configure:2493: $? = 1
configure:2516: checking for C compiler default output file name
configure:2519: /opt/iwmmxt-1.0.0/bin/arm-linux-gcc    -L/opt/iwmmxt-1.0.0/arm-linux/lib conftest.c  >&5
configure:2522: $? = 0
configure:2568: result: a.out
configure:2573: checking whether the C compiler works
configure:2599: result: yes
configure:2606: checking whether we are cross compiling
configure:2608: result: yes
configure:2611: checking for suffix of executables
configure:2613: /opt/iwmmxt-1.0.0/bin/arm-linux-gcc -o conftest    -L/opt/iwmmxt-1.0.0/arm-linux/lib conftest.c  >&5
configure:2616: $? = 0
configure:2641: result: 
configure:2647: checking for suffix of object files
configure:2668: /opt/iwmmxt-1.0.0/bin/arm-linux-gcc -c   conftest.c >&5
configure:2671: $? = 0
configure:2693: result: o
configure:2697: checking whether we are using the GNU C compiler
configure:2721: /opt/iwmmxt-1.0.0/bin/arm-linux-gcc -c   conftest.c >&5
configure:2727: $? = 0
configure:2731: test -z 
			 || test ! -s conftest.err
configure:2734: $? = 0
configure:2737: test -s conftest.o
configure:2740: $? = 0
configure:2753: result: yes
configure:2759: checking whether /opt/iwmmxt-1.0.0/bin/arm-linux-gcc accepts -g
configure:2780: /opt/iwmmxt-1.0.0/bin/arm-linux-gcc -c -g  conftest.c >&5
configure:2786: $? = 0
configure:2790: test -z 
			 || test ! -s conftest.err
configure:2793: $? = 0
configure:2796: test -s conftest.o
configure:2799: $? = 0
configure:2810: result: yes
configure:2827: checking for /opt/iwmmxt-1.0.0/bin/arm-linux-gcc option to accept ANSI C
configure:2897: /opt/iwmmxt-1.0.0/bin/arm-linux-gcc  -c -g -O2  conftest.c >&5
configure:2903: $? = 0
configure:2907: test -z 
			 || test ! -s conftest.err
configure:2910: $? = 0
configure:2913: test -s conftest.o
configure:2916: $? = 0
configure:2934: result: none needed
configure:2952: /opt/iwmmxt-1.0.0/bin/arm-linux-gcc -c -g -O2  conftest.c >&5
conftest.c:2: error: parse error before "me"
configure:2958: $? = 1
configure: failed program was:
| #ifndef __cplusplus
|   choke me
| #endif
configure:3093: checking dependency style of /opt/iwmmxt-1.0.0/bin/arm-linux-gcc
configure:3178: result: gcc3
configure:3196: checking for library containing strerror
configure:3226: /opt/iwmmxt-1.0.0/bin/arm-linux-gcc -o conftest -g -O2   -L/opt/iwmmxt-1.0.0/arm-linux/lib conftest.c  >&5
configure:3232: $? = 0
configure:3236: test -z 
			 || test ! -s conftest.err
configure:3239: $? = 0
configure:3242: test -s conftest
configure:3245: $? = 0
configure:3315: result: none required
configure:3330: checking for arm-gcc
configure:3356: result: /opt/iwmmxt-1.0.0/bin/arm-linux-gcc
configure:3638: checking for C compiler version
configure:3641: /opt/iwmmxt-1.0.0/bin/arm-linux-gcc --version </dev/null >&5
arm-linux-gcc (GCC) 3.4.3
Copyright (C) 2004 Free Software Foundation, Inc.
This is free software; see the source for copying conditions.  There is NO
warranty; not even for MERCHANTABILITY or FITNESS FOR A PARTICULAR PURPOSE.

configure:3644: $? = 0
configure:3646: /opt/iwmmxt-1.0.0/bin/arm-linux-gcc -v </dev/null >&5
Reading specs from /opt/iwmmxt-1.0.0/lib/gcc/arm-linux/3.4.3/specs
Configured with: /home/ticker/iwmmxt/toolchain/mainstone/iwmmxt-1.0.0/build/arm-linux/gcc-3.4.3-glibc-2.3.2/gcc-3.4.3/configure --target=arm-linux --host=i686-host_pc-linux-gnu --prefix=/opt/iwmmxt-1.0.0 --with-cpu=iwmmxt --enable-cxx-flags=-mcpu=iwmmxt --with-headers=/opt/iwmmxt-1.0.0/arm-linux/include --with-local-prefix=/opt/iwmmxt-1.0.0/arm-linux --disable-nls --enable-threads=posix --enable-symvers=gnu --enable-__cxa_atexit --enable-languages=c,c++ --enable-shared --enable-c99 --enable-long-long --without-fp
Thread model: posix
gcc version 3.4.3
configure:3649: $? = 0
configure:3651: /opt/iwmmxt-1.0.0/bin/arm-linux-gcc -V </dev/null >&5
arm-linux-gcc: `-V' option must have argument
configure:3654: $? = 1
configure:3657: checking whether we are using the GNU C compiler
configure:3713: result: yes
configure:3719: checking whether /opt/iwmmxt-1.0.0/bin/arm-linux-gcc accepts -g
configure:3770: result: yes
configure:3787: checking for /opt/iwmmxt-1.0.0/bin/arm-linux-gcc option to accept ANSI C
configure:3894: result: none needed
configure:3912: /opt/iwmmxt-1.0.0/bin/arm-linux-gcc -c -g -O2  conftest.c >&5
conftest.c:2: error: parse error before "me"
configure:3918: $? = 1
configure: failed program was:
| #ifndef __cplusplus
|   choke me
| #endif
configure:4053: checking dependency style of /opt/iwmmxt-1.0.0/bin/arm-linux-gcc
configure:4138: result: gcc3
configure:4163: checking for arm-gcc
configure:4189: result: /opt/iwmmxt-1.0.0/bin/arm-linux-gcc
configure:4471: checking for C compiler version
configure:4474: /opt/iwmmxt-1.0.0/bin/arm-linux-gcc --version </dev/null >&5
arm-linux-gcc (GCC) 3.4.3
Copyright (C) 2004 Free Software Foundation, Inc.
This is free software; see the source for copying conditions.  There is NO
warranty; not even for MERCHANTABILITY or FITNESS FOR A PARTICULAR PURPOSE.

configure:4477: $? = 0
configure:4479: /opt/iwmmxt-1.0.0/bin/arm-linux-gcc -v </dev/null >&5
Reading specs from /opt/iwmmxt-1.0.0/lib/gcc/arm-linux/3.4.3/specs
Configured with: /home/ticker/iwmmxt/toolchain/mainstone/iwmmxt-1.0.0/build/arm-linux/gcc-3.4.3-glibc-2.3.2/gcc-3.4.3/configure --target=arm-linux --host=i686-host_pc-linux-gnu --prefix=/opt/iwmmxt-1.0.0 --with-cpu=iwmmxt --enable-cxx-flags=-mcpu=iwmmxt --with-headers=/opt/iwmmxt-1.0.0/arm-linux/include --with-local-prefix=/opt/iwmmxt-1.0.0/arm-linux --disable-nls --enable-threads=posix --enable-symvers=gnu --enable-__cxa_atexit --enable-languages=c,c++ --enable-shared --enable-c99 --enable-long-long --without-fp
Thread model: posix
gcc version 3.4.3
configure:4482: $? = 0
configure:4484: /opt/iwmmxt-1.0.0/bin/arm-linux-gcc -V </dev/null >&5
arm-linux-gcc: `-V' option must have argument
configure:4487: $? = 1
configure:4490: checking whether we are using the GNU C compiler
configure:4546: result: yes
configure:4552: checking whether /opt/iwmmxt-1.0.0/bin/arm-linux-gcc accepts -g
configure:4603: result: yes
configure:4620: checking for /opt/iwmmxt-1.0.0/bin/arm-linux-gcc option to accept ANSI C
configure:4727: result: none needed
configure:4745: /opt/iwmmxt-1.0.0/bin/arm-linux-gcc -c -g -O2  conftest.c >&5
conftest.c:2: error: parse error before "me"
configure:4751: $? = 1
configure: failed program was:
| #ifndef __cplusplus
|   choke me
| #endif
configure:4886: checking dependency style of /opt/iwmmxt-1.0.0/bin/arm-linux-gcc
configure:4971: result: gcc3
configure:4996: checking how to run the C preprocessor
configure:5031: /opt/iwmmxt-1.0.0/bin/arm-linux-gcc -E  conftest.c
configure:5037: $? = 0
configure:5069: /opt/iwmmxt-1.0.0/bin/arm-linux-gcc -E  conftest.c
conftest.c:11:28: ac_nonexistent.h: No such file or directory
configure:5075: $? = 1
configure: failed program was:
| /* confdefs.h.  */
| 
| #define PACKAGE_NAME ""
| #define PACKAGE_TARNAME ""
| #define PACKAGE_VERSION ""
| #define PACKAGE_STRING ""
| #define PACKAGE_BUGREPORT ""
| #define PACKAGE "project5"
| #define VERSION "0.1"
| /* end confdefs.h.  */
| #include <ac_nonexistent.h>
configure:5114: result: /opt/iwmmxt-1.0.0/bin/arm-linux-gcc -E
configure:5138: /opt/iwmmxt-1.0.0/bin/arm-linux-gcc -E  conftest.c
configure:5144: $? = 0
configure:5176: /opt/iwmmxt-1.0.0/bin/arm-linux-gcc -E  conftest.c
conftest.c:11:28: ac_nonexistent.h: No such file or directory
configure:5182: $? = 1
configure: failed program was:
| /* confdefs.h.  */
| 
| #define PACKAGE_NAME ""
| #define PACKAGE_TARNAME ""
| #define PACKAGE_VERSION ""
| #define PACKAGE_STRING ""
| #define PACKAGE_BUGREPORT ""
| #define PACKAGE "project5"
| #define VERSION "0.1"
| /* end confdefs.h.  */
| #include <ac_nonexistent.h>
configure:5226: checking for egrep
configure:5236: result: grep -E
configure:5241: checking for ANSI C header files
configure:5266: /opt/iwmmxt-1.0.0/bin/arm-linux-gcc -c -g -O2  conftest.c >&5
configure:5272: $? = 0
configure:5276: test -z 
			 || test ! -s conftest.err
configure:5279: $? = 0
configure:5282: test -s conftest.o
configure:5285: $? = 0
configure:5394: result: yes
configure:5414: checking what warning flags to pass to the C compiler
configure:5435: result: -Wall -Wunused
configure:5446: checking what language compliance flags to pass to the C compiler
configure:5462: result: 
configure:5484: checking for sys/types.h
configure:5500: /opt/iwmmxt-1.0.0/bin/arm-linux-gcc -c -g -O2 -Wall -Wunused   conftest.c >&5
configure:5506: $? = 0
configure:5510: test -z 
			 || test ! -s conftest.err
configure:5513: $? = 0
configure:5516: test -s conftest.o
configure:5519: $? = 0
configure:5530: result: yes
configure:5484: checking for sys/stat.h
configure:5500: /opt/iwmmxt-1.0.0/bin/arm-linux-gcc -c -g -O2 -Wall -Wunused   conftest.c >&5
configure:5506: $? = 0
configure:5510: test -z 
			 || test ! -s conftest.err
configure:5513: $? = 0
configure:5516: test -s conftest.o
configure:5519: $? = 0
configure:5530: result: yes
configure:5484: checking for stdlib.h
configure:5500: /opt/iwmmxt-1.0.0/bin/arm-linux-gcc -c -g -O2 -Wall -Wunused   conftest.c >&5
configure:5506: $? = 0
configure:5510: test -z 
			 || test ! -s conftest.err
configure:5513: $? = 0
configure:5516: test -s conftest.o
configure:5519: $? = 0
configure:5530: result: yes
configure:5484: checking for string.h
configure:5500: /opt/iwmmxt-1.0.0/bin/arm-linux-gcc -c -g -O2 -Wall -Wunused   conftest.c >&5
configure:5506: $? = 0
configure:5510: test -z 
			 || test ! -s conftest.err
configure:5513: $? = 0
configure:5516: test -s conftest.o
configure:5519: $? = 0
configure:5530: result: yes
configure:5484: checking for memory.h
configure:5500: /opt/iwmmxt-1.0.0/bin/arm-linux-gcc -c -g -O2 -Wall -Wunused   conftest.c >&5
configure:5506: $? = 0
configure:5510: test -z 
			 || test ! -s conftest.err
configure:5513: $? = 0
configure:5516: test -s conftest.o
configure:5519: $? = 0
configure:5530: result: yes
configure:5484: checking for strings.h
configure:5500: /opt/iwmmxt-1.0.0/bin/arm-linux-gcc -c -g -O2 -Wall -Wunused   conftest.c >&5
configure:5506: $? = 0
configure:5510: test -z 
			 || test ! -s conftest.err
configure:5513: $? = 0
configure:5516: test -s conftest.o
configure:5519: $? = 0
configure:5530: result: yes
configure:5484: checking for inttypes.h
configure:5500: /opt/iwmmxt-1.0.0/bin/arm-linux-gcc -c -g -O2 -Wall -Wunused   conftest.c >&5
configure:5506: $? = 0
configure:5510: test -z 
			 || test ! -s conftest.err
configure:5513: $? = 0
configure:5516: test -s conftest.o
configure:5519: $? = 0
configure:5530: result: yes
configure:5484: checking for stdint.h
configure:5500: /opt/iwmmxt-1.0.0/bin/arm-linux-gcc -c -g -O2 -Wall -Wunused   conftest.c >&5
configure:5506: $? = 0
configure:5510: test -z 
			 || test ! -s conftest.err
configure:5513: $? = 0
configure:5516: test -s conftest.o
configure:5519: $? = 0
configure:5530: result: yes
configure:5484: checking for unistd.h
configure:5500: /opt/iwmmxt-1.0.0/bin/arm-linux-gcc -c -g -O2 -Wall -Wunused   conftest.c >&5
configure:5506: $? = 0
configure:5510: test -z 
			 || test ! -s conftest.err
configure:5513: $? = 0
configure:5516: test -s conftest.o
configure:5519: $? = 0
configure:5530: result: yes
configure:5544: checking for pthread_create in -lpthread
configure:5574: /opt/iwmmxt-1.0.0/bin/arm-linux-gcc -o conftest -g -O2 -Wall -Wunused    -L/opt/iwmmxt-1.0.0/arm-linux/lib conftest.c -lpthread   >&5
configure:5580: $? = 0
configure:5584: test -z 
			 || test ! -s conftest.err
configure:5587: $? = 0
configure:5590: test -s conftest
configure:5593: $? = 0
configure:5606: result: yes
configure:5967: checking for gtk-config
configure:5998: result: /opt/iwmmxt-1.0.0/hybus/usr/bin/gtk-config
configure:6006: checking for GTK - version >= 1.2.0
configure:6138: result: yes
configure:6255: checking for SmcSaveYourselfDone in -lSM
configure:6285: /opt/iwmmxt-1.0.0/bin/arm-linux-gcc -o conftest -g -O2 -Wall -Wunused   -I/opt/iwmmxt-1.0.0/hybus/usr/include/gtk-1.2 -I/opt/iwmmxt-1.0.0/hybus/usr/include/glib-1.2 -I/opt/iwmmxt-1.0.0/hybus/usr/lib/glib/include -I/opt/iwmmxt-1.0.0/hybus/usr/include/X11  -L/opt/iwmmxt-1.0.0/arm-linux/lib -L/opt/iwmmxt-1.0.0/hybus/usr/lib -L/opt/iwmmxt-1.0.0/hybus/usr/lib/X11 -lgtk -lgdk -rdynamic -lgmodule -lglib -ldl -lXext -lX11 -lm conftest.c -lSM  -lICE  >&5
configure:6291: $? = 0
configure:6295: test -z 
			 || test ! -s conftest.err
configure:6298: $? = 0
configure:6301: test -s conftest
configure:6304: $? = 0
configure:6317: result: yes
configure:6343: checking X11/SM/SMlib.h usability
configure:6355: /opt/iwmmxt-1.0.0/bin/arm-linux-gcc -c -g -O2 -Wall -Wunused   -I/opt/iwmmxt-1.0.0/hybus/usr/include/gtk-1.2 -I/opt/iwmmxt-1.0.0/hybus/usr/include/glib-1.2 -I/opt/iwmmxt-1.0.0/hybus/usr/lib/glib/include -I/opt/iwmmxt-1.0.0/hybus/usr/include/X11 conftest.c >&5
configure:6361: $? = 0
configure:6365: test -z 
			 || test ! -s conftest.err
configure:6368: $? = 0
configure:6371: test -s conftest.o
configure:6374: $? = 0
configure:6384: result: yes
configure:6388: checking X11/SM/SMlib.h presence
configure:6398: /opt/iwmmxt-1.0.0/bin/arm-linux-gcc -E  -I/opt/iwmmxt-1.0.0/hybus/usr/include/gtk-1.2 -I/opt/iwmmxt-1.0.0/hybus/usr/include/glib-1.2 -I/opt/iwmmxt-1.0.0/hybus/usr/lib/glib/include -I/opt/iwmmxt-1.0.0/hybus/usr/include/X11 conftest.c
configure:6404: $? = 0
configure:6424: result: yes
configure:6459: checking for X11/SM/SMlib.h
configure:6466: result: yes
configure:6491: checking for XpmFreeXpmImage in -lXpm
configure:6521: /opt/iwmmxt-1.0.0/bin/arm-linux-gcc -o conftest -g -O2 -Wall -Wunused   -I/opt/iwmmxt-1.0.0/hybus/usr/include/gtk-1.2 -I/opt/iwmmxt-1.0.0/hybus/usr/include/glib-1.2 -I/opt/iwmmxt-1.0.0/hybus/usr/lib/glib/include -I/opt/iwmmxt-1.0.0/hybus/usr/include/X11  -L/opt/iwmmxt-1.0.0/arm-linux/lib -L/opt/iwmmxt-1.0.0/hybus/usr/lib -L/opt/iwmmxt-1.0.0/hybus/usr/lib/X11 -lgtk -lgdk -rdynamic -lgmodule -lglib -ldl -lXext -lX11 -lm conftest.c -lXpm   >&5
configure:6527: $? = 0
configure:6531: test -z 
			 || test ! -s conftest.err
configure:6534: $? = 0
configure:6537: test -s conftest
configure:6540: $? = 0
configure:6553: result: yes
configure:6712: creating ./config.status

## ---------------------- ##
## Running config.status. ##
## ---------------------- ##

This file was extended by config.status, which was
generated by GNU Autoconf 2.59.  Invocation command line was

  CONFIG_FILES    = 
  CONFIG_HEADERS  = 
  CONFIG_LINKS    = 
  CONFIG_COMMANDS = 
  $ ./config.status 

on hybus

config.status:718: creating Makefile
config.status:718: creating macros/Makefile
config.status:718: creating src/Makefile
config.status:822: creating config.h
config.status:932: config.h is unchanged
config.status:1112: executing depfiles commands

## ---------------- ##
## Cache variables. ##
## ---------------- ##

ac_cv_c_compiler_gnu=yes
ac_cv_env_CC_set=set
ac_cv_env_CC_value=/opt/iwmmxt-1.0.0/bin/arm-linux-gcc
ac_cv_env_CFLAGS_set=
ac_cv_env_CFLAGS_value=
ac_cv_env_CPPFLAGS_set=
ac_cv_env_CPPFLAGS_value=
ac_cv_env_CPP_set=
ac_cv_env_CPP_value=
ac_cv_env_LDFLAGS_set=
ac_cv_env_LDFLAGS_value=
ac_cv_env_build_alias_set=set
ac_cv_env_build_alias_value=i686
ac_cv_env_host_alias_set=set
ac_cv_env_host_alias_value=arm
ac_cv_env_target_alias_set=set
ac_cv_env_target_alias_value=arm
ac_cv_exeext=
ac_cv_header_X11_SM_SMlib_h=yes
ac_cv_header_inttypes_h=yes
ac_cv_header_memory_h=yes
ac_cv_header_stdc=yes
ac_cv_header_stdint_h=yes
ac_cv_header_stdlib_h=yes
ac_cv_header_string_h=yes
ac_cv_header_strings_h=yes
ac_cv_header_sys_stat_h=yes
ac_cv_header_sys_types_h=yes
ac_cv_header_unistd_h=yes
ac_cv_lib_SM_SmcSaveYourselfDone=yes
ac_cv_lib_Xpm_XpmFreeXpmImage=yes
ac_cv_lib_pthread_pthread_create=yes
ac_cv_objext=o
ac_cv_path_GNOME_CONFIG=/opt/iwmmxt-1.0.0/hybus/usr/bin/gnome-config
ac_cv_path_GTK_CONFIG=/opt/iwmmxt-1.0.0/hybus/usr/bin/gtk-config
ac_cv_path_ORBIT_CONFIG=/usr/bin/orbit-config
ac_cv_path_ORBIT_IDL=/usr/bin/orbit-idl
ac_cv_path_install='/usr/bin/install -c'
ac_cv_prog_AWK=gawk
ac_cv_prog_CC=/opt/iwmmxt-1.0.0/bin/arm-linux-gcc
ac_cv_prog_CPP='/opt/iwmmxt-1.0.0/bin/arm-linux-gcc -E'
ac_cv_prog_ac_ct_STRIP=strip
ac_cv_prog_cc_g=yes
ac_cv_prog_cc_stdc=
ac_cv_prog_egrep='grep -E'
ac_cv_prog_make_make_set=yes
ac_cv_search_strerror='none required'
am_cv_CC_dependencies_compiler_type=gcc3
am_cv_prog_cc_stdc=
gnome_cv_gnorba_found=yes
gnome_cv_orbit_found=yes
gnome_cv_passdown_GTK_LIBS='-L/opt/iwmmxt-1.0.0/hybus/usr/lib -L/opt/iwmmxt-1.0.0/hybus/usr/lib/X11 -lgtk -lgdk -rdynamic -lgmodule -lglib -ldl -lXext -lX11 -lm'
gnome_cv_passdown_X_CFLAGS='-I/opt/iwmmxt-1.0.0/hybus/usr/include/gtk-1.2 -I/opt/iwmmxt-1.0.0/hybus/usr/include/glib-1.2 -I/opt/iwmmxt-1.0.0/hybus/usr/lib/glib/include -I/opt/iwmmxt-1.0.0/hybus/usr/include/X11'
gnome_cv_passdown_X_LIBS='-L/opt/iwmmxt-1.0.0/hybus/usr/lib -L/opt/iwmmxt-1.0.0/hybus/usr/lib/X11 -lgtk -lgdk -rdynamic -lgmodule -lglib -ldl -lXext -lX11 -lm'
gnome_cv_passdown_x_libs='-L/opt/iwmmxt-1.0.0/hybus/usr/lib -L/opt/iwmmxt-1.0.0/hybus/usr/lib/X11 -lgtk -lgdk -rdynamic -lgmodule -lglib -ldl -lXext -lX11 -lm'

## ----------------- ##
## Output variables. ##
## ----------------- ##

ACLOCAL='${SHELL} /home2/kjlee/GTK_ieb_test/missing --run aclocal-1.8 -I macros'
AMDEPBACKSLASH='\'
AMDEP_FALSE='#'
AMDEP_TRUE=''
AMTAR='${SHELL} /home2/kjlee/GTK_ieb_test/missing --run tar'
AUTOCONF='${SHELL} /home2/kjlee/GTK_ieb_test/missing --run autoconf'
AUTOHEADER='${SHELL} /home2/kjlee/GTK_ieb_test/missing --run autoheader'
AUTOMAKE='${SHELL} /home2/kjlee/GTK_ieb_test/missing --run automake-1.8'
AWK='gawk'
CC='/opt/iwmmxt-1.0.0/bin/arm-linux-gcc'
CCDEPMODE='depmode=gcc3'
CFLAGS='-g -O2 -Wall -Wunused '
CPP='/opt/iwmmxt-1.0.0/bin/arm-linux-gcc -E'
CPPFLAGS=' -I/opt/iwmmxt-1.0.0/hybus/usr/include/gtk-1.2 -I/opt/iwmmxt-1.0.0/hybus/usr/include/glib-1.2 -I/opt/iwmmxt-1.0.0/hybus/usr/lib/glib/include -I/opt/iwmmxt-1.0.0/hybus/usr/include/X11'
CYGPATH_W='echo'
DEFS='-DHAVE_CONFIG_H'
DEPDIR='.deps'
ECHO_C=''
ECHO_N='-n'
ECHO_T=''
EGREP='grep -E'
EXEEXT=''
GNOMEGNORBA_LIBS='-rdynamic -lgnorba -lORBitCosNaming -lORBit -lIIOP -lORBitutil -lgnomeui -lart_lgpl -lgdk_imlib -ljpeg -ltiff -lungif -lpng -lz -lSM -lICE -lgtk -lgdk -lgmodule -ldl -lXext -lX11 -lgnome -lgnomesupport -lesd -laudiofile -lm -ldb-4 -lglib'
GNOMEUI_LIBS='-rdynamic -lgnomeui -lart_lgpl -lgdk_imlib -ljpeg -ltiff -lungif -lpng -lz -lSM -lICE -lgtk -lgdk -lgmodule -ldl -lXext -lX11 -lgnome -lgnomesupport -lesd -laudiofile -lm -ldb-4 -lglib'
GNOME_APPLETS_LIBS=''
GNOME_CAPPLET_LIBS=''
GNOME_CONFIG='/opt/iwmmxt-1.0.0/hybus/usr/bin/gnome-config'
GNOME_DOCKLETS_LIBS=''
GNOME_INCLUDEDIR='-I/opt/iwmmxt-1.0.0/hybus/usr/include/gnome-1.0 -DNEED_GNOMESUPPORT_H -I/opt/iwmmxt-1.0.0/hybus/usr/lib/gnome-libs/include -I/opt/iwmmxt-1.0.0/hybus/usr/include/glib-1.2 -I/opt/iwmmxt-1.0.0/hybus/usr/lib/glib/include -I/usr/include/orbit-1.0 -I/opt/iwmmxt-1.0.0/hybus/usr/include/gtk-1.2 -I/opt/iwmmxt-1.0.0/hybus/usr/include/X11'
GNOME_LIBDIR='-rdynamic -L/opt/iwmmxt-1.0.0/hybus/usr/lib -L/opt/iwmmxt-1.0.0/hybus/usr/lib/X11 -L/usr/lib'
GNOME_LIBS='-lgnome -lgnomesupport -lesd -laudiofile -lm -ldb-4 -lglib'
GNORBA_CFLAGS='-I/usr/include/gnome-1.0 -DNEED_GNOMESUPPORT_H -I/usr/lib/gnome-libs/include -I/usr/include/glib-1.2 -I/usr/lib/glib/include -I/usr/include/orbit-1.0 -I/usr/include/gtk-1.2 -I/usr/X11R6/include'
GNORBA_LIBS='-rdynamic -L/usr/lib -L/usr/X11R6/lib -lgnorba -lORBitCosNaming -lORBit -lIIOP -lORBitutil -lnsl -lgnomeui -lart_lgpl -lgdk_imlib -lSM -lICE -lgtk -lgdk -lgmodule -ldl -lXi -lXext -lX11 -lgnome -lgnomesupport -lesd -laudiofile -lm -lglib'
GTKXMHTML_LIBS='-rdynamic -lgtkxmhtml -lXpm -ljpeg -lpng -lz -lSM -lICE -lgtk -lgdk -lgmodule -lglib -ldl -lXext -lX11 -lm'
GTK_CFLAGS='-I/opt/iwmmxt-1.0.0/hybus/usr/include/gtk-1.2 -I/opt/iwmmxt-1.0.0/hybus/usr/include/glib-1.2 -I/opt/iwmmxt-1.0.0/hybus/usr/lib/glib/include -I/opt/iwmmxt-1.0.0/hybus/usr/include/X11'
GTK_CONFIG='/opt/iwmmxt-1.0.0/hybus/usr/bin/gtk-config'
GTK_LIBS='-lSM -lICE -L/opt/iwmmxt-1.0.0/hybus/usr/lib -L/opt/iwmmxt-1.0.0/hybus/usr/lib/X11 -lgtk -lgdk -rdynamic -lgmodule -lglib -ldl -lXext -lX11 -lm'
HAVE_GNORBA_FALSE='#'
HAVE_GNORBA_TRUE=''
HAVE_ORBIT_FALSE='#'
HAVE_ORBIT_TRUE=''
INSIDE_GNOME_COMMON_FALSE=''
INSIDE_GNOME_COMMON_TRUE='#'
INSTALL_DATA='${INSTALL} -m 644'
INSTALL_PROGRAM='${INSTALL}'
INSTALL_SCRIPT='${INSTALL}'
INSTALL_STRIP_PROGRAM='${SHELL} $(install_sh) -c -s'
LDFLAGS=' -L/opt/iwmmxt-1.0.0/arm-linux/lib'
LIBOBJS=''
LIBS=''
LTLIBOBJS=''
MAKEINFO='${SHELL} /home2/kjlee/GTK_ieb_test/missing --run makeinfo'
OBJEXT='o'
ORBIT_CFLAGS='-I/usr/include/glib-1.2 -I/usr/lib/glib/include -I/usr/include/orbit-1.0'
ORBIT_CONFIG='/usr/bin/orbit-config'
ORBIT_IDL='/usr/bin/orbit-idl'
ORBIT_LIBS='-L/usr/lib -lORBitCosNaming -lORBit -lIIOP -lORBitutil -lglib -lm'
PACKAGE='project5'
PACKAGE_BUGREPORT=''
PACKAGE_NAME=''
PACKAGE_STRING=''
PACKAGE_TARNAME=''
PACKAGE_VERSION=''
PATH_SEPARATOR=':'
PTHREAD_LIB='-lpthread'
SET_MAKE=''
SHELL='/bin/sh'
STRIP='strip'
VERSION='0.1'
XPM_LIBS='-lXpm'
ZVT_LIBS='-rdynamic -lzvt -lutil -lSM -lICE -lgdk_imlib -ljpeg -ltiff -lungif -lpng -lz -lgtk -lgdk -lgmodule -lglib -ldl -lXext -lX11 -lm'
ac_ct_CC=''
ac_ct_STRIP='strip'
am__fastdepCC_FALSE='#'
am__fastdepCC_TRUE=''
am__include='include'
am__leading_dot='.'
am__quote=''
bindir='${exec_prefix}/bin'
build_alias='i686'
cflags_set='yes'
datadir='${prefix}/share'
exec_prefix='${prefix}'
host_alias='arm'
includedir='${prefix}/include'
infodir='${prefix}/info'
install_sh='/home2/kjlee/GTK_ieb_test/install-sh'
libdir='${exec_prefix}/lib'
libexecdir='${exec_prefix}/libexec'
localstatedir='${prefix}/var'
mandir='${prefix}/man'
mkdir_p='mkdir -p -- .'
oldincludedir='/usr/include'
prefix='/usr/local'
program_transform_name='s,x,x,'
sbindir='${exec_prefix}/sbin'
sharedstatedir='${prefix}/com'
sysconfdir='${prefix}/etc'
target_alias='arm'

## ----------- ##
## confdefs.h. ##
## ----------- ##

#define HAVE_INTTYPES_H 1
#define HAVE_LIBSM 1
#define HAVE_MEMORY_H 1
#define HAVE_STDINT_H 1
#define HAVE_STDLIB_H 1
#define HAVE_STRINGS_H 1
#define HAVE_STRING_H 1
#define HAVE_SYS_STAT_H 1
#define HAVE_SYS_TYPES_H 1
#define HAVE_UNISTD_H 1
#define HAVE_X11_SM_SMLIB_H 1
#define PACKAGE "project5"
#define PACKAGE_BUGREPORT ""
#define PACKAGE_NAME ""
#define PACKAGE_STRING ""
#define PACKAGE_TARNAME ""
#define PACKAGE_VERSION ""
#define STDC_HEADERS 1
#define VERSION "0.1"

configure: exit 0

## ---------------------- ##
## Running config.status. ##
## ---------------------- ##

This file was extended by config.status, which was
generated by GNU Autoconf 2.59.  Invocation command line was

  CONFIG_FILES    = 
  CONFIG_HEADERS  = 
  CONFIG_LINKS    = 
  CONFIG_COMMANDS = 
  $ ./config.status config.h

on hybus

config.status:822: creating config.h
config.status:932: config.h is unchanged
